#! /c/Source/iverilog-install/bin/vvp
:ivl_version "12.0 (devel)" "(s20150603-1110-g18392a46)";
:ivl_delay_selection "TYPICAL";
:vpi_time_precision + 0;
:vpi_module "C:\iverilog\lib\ivl\system.vpi";
:vpi_module "C:\iverilog\lib\ivl\vhdl_sys.vpi";
:vpi_module "C:\iverilog\lib\ivl\vhdl_textio.vpi";
:vpi_module "C:\iverilog\lib\ivl\v2005_math.vpi";
:vpi_module "C:\iverilog\lib\ivl\va_math.vpi";
S_00000277f8e32a10 .scope module, "data_mem" "data_mem" 2 1;
 .timescale 0 0;
    .port_info 0 /INPUT 1 "clk";
    .port_info 1 /INPUT 1 "mem_write";
    .port_info 2 /INPUT 1 "mem_read";
    .port_info 3 /INPUT 19 "addr";
    .port_info 4 /INPUT 19 "write_data";
    .port_info 5 /OUTPUT 19 "read_data";
o00000277f8e89c68 .functor BUFZ 19, C4<zzzzzzzzzzzzzzzzzzz>; HiZ drive
v00000277f8e64350_0 .net "addr", 18 0, o00000277f8e89c68;  0 drivers
o00000277f8e89c98 .functor BUFZ 1, C4<z>; HiZ drive
v00000277f8e64210_0 .net "clk", 0 0, o00000277f8e89c98;  0 drivers
o00000277f8e89cc8 .functor BUFZ 1, C4<z>; HiZ drive
v00000277f8e642b0_0 .net "mem_read", 0 0, o00000277f8e89cc8;  0 drivers
o00000277f8e89cf8 .functor BUFZ 1, C4<z>; HiZ drive
v00000277f8e64d50_0 .net "mem_write", 0 0, o00000277f8e89cf8;  0 drivers
v00000277f8e645d0 .array "memory", 255 0, 18 0;
v00000277f8e64c10_0 .var "read_data", 18 0;
o00000277f8e8cd58 .functor BUFZ 19, C4<zzzzzzzzzzzzzzzzzzz>; HiZ drive
v00000277f8e64850_0 .net "write_data", 18 0, o00000277f8e8cd58;  0 drivers
v00000277f8e645d0_0 .array/port v00000277f8e645d0, 0;
v00000277f8e645d0_1 .array/port v00000277f8e645d0, 1;
E_00000277f8e80670/0 .event anyedge, v00000277f8e642b0_0, v00000277f8e64350_0, v00000277f8e645d0_0, v00000277f8e645d0_1;
v00000277f8e645d0_2 .array/port v00000277f8e645d0, 2;
v00000277f8e645d0_3 .array/port v00000277f8e645d0, 3;
v00000277f8e645d0_4 .array/port v00000277f8e645d0, 4;
v00000277f8e645d0_5 .array/port v00000277f8e645d0, 5;
E_00000277f8e80670/1 .event anyedge, v00000277f8e645d0_2, v00000277f8e645d0_3, v00000277f8e645d0_4, v00000277f8e645d0_5;
v00000277f8e645d0_6 .array/port v00000277f8e645d0, 6;
v00000277f8e645d0_7 .array/port v00000277f8e645d0, 7;
v00000277f8e645d0_8 .array/port v00000277f8e645d0, 8;
v00000277f8e645d0_9 .array/port v00000277f8e645d0, 9;
E_00000277f8e80670/2 .event anyedge, v00000277f8e645d0_6, v00000277f8e645d0_7, v00000277f8e645d0_8, v00000277f8e645d0_9;
v00000277f8e645d0_10 .array/port v00000277f8e645d0, 10;
v00000277f8e645d0_11 .array/port v00000277f8e645d0, 11;
v00000277f8e645d0_12 .array/port v00000277f8e645d0, 12;
v00000277f8e645d0_13 .array/port v00000277f8e645d0, 13;
E_00000277f8e80670/3 .event anyedge, v00000277f8e645d0_10, v00000277f8e645d0_11, v00000277f8e645d0_12, v00000277f8e645d0_13;
v00000277f8e645d0_14 .array/port v00000277f8e645d0, 14;
v00000277f8e645d0_15 .array/port v00000277f8e645d0, 15;
v00000277f8e645d0_16 .array/port v00000277f8e645d0, 16;
v00000277f8e645d0_17 .array/port v00000277f8e645d0, 17;
E_00000277f8e80670/4 .event anyedge, v00000277f8e645d0_14, v00000277f8e645d0_15, v00000277f8e645d0_16, v00000277f8e645d0_17;
v00000277f8e645d0_18 .array/port v00000277f8e645d0, 18;
v00000277f8e645d0_19 .array/port v00000277f8e645d0, 19;
v00000277f8e645d0_20 .array/port v00000277f8e645d0, 20;
v00000277f8e645d0_21 .array/port v00000277f8e645d0, 21;
E_00000277f8e80670/5 .event anyedge, v00000277f8e645d0_18, v00000277f8e645d0_19, v00000277f8e645d0_20, v00000277f8e645d0_21;
v00000277f8e645d0_22 .array/port v00000277f8e645d0, 22;
v00000277f8e645d0_23 .array/port v00000277f8e645d0, 23;
v00000277f8e645d0_24 .array/port v00000277f8e645d0, 24;
v00000277f8e645d0_25 .array/port v00000277f8e645d0, 25;
E_00000277f8e80670/6 .event anyedge, v00000277f8e645d0_22, v00000277f8e645d0_23, v00000277f8e645d0_24, v00000277f8e645d0_25;
v00000277f8e645d0_26 .array/port v00000277f8e645d0, 26;
v00000277f8e645d0_27 .array/port v00000277f8e645d0, 27;
v00000277f8e645d0_28 .array/port v00000277f8e645d0, 28;
v00000277f8e645d0_29 .array/port v00000277f8e645d0, 29;
E_00000277f8e80670/7 .event anyedge, v00000277f8e645d0_26, v00000277f8e645d0_27, v00000277f8e645d0_28, v00000277f8e645d0_29;
v00000277f8e645d0_30 .array/port v00000277f8e645d0, 30;
v00000277f8e645d0_31 .array/port v00000277f8e645d0, 31;
v00000277f8e645d0_32 .array/port v00000277f8e645d0, 32;
v00000277f8e645d0_33 .array/port v00000277f8e645d0, 33;
E_00000277f8e80670/8 .event anyedge, v00000277f8e645d0_30, v00000277f8e645d0_31, v00000277f8e645d0_32, v00000277f8e645d0_33;
v00000277f8e645d0_34 .array/port v00000277f8e645d0, 34;
v00000277f8e645d0_35 .array/port v00000277f8e645d0, 35;
v00000277f8e645d0_36 .array/port v00000277f8e645d0, 36;
v00000277f8e645d0_37 .array/port v00000277f8e645d0, 37;
E_00000277f8e80670/9 .event anyedge, v00000277f8e645d0_34, v00000277f8e645d0_35, v00000277f8e645d0_36, v00000277f8e645d0_37;
v00000277f8e645d0_38 .array/port v00000277f8e645d0, 38;
v00000277f8e645d0_39 .array/port v00000277f8e645d0, 39;
v00000277f8e645d0_40 .array/port v00000277f8e645d0, 40;
v00000277f8e645d0_41 .array/port v00000277f8e645d0, 41;
E_00000277f8e80670/10 .event anyedge, v00000277f8e645d0_38, v00000277f8e645d0_39, v00000277f8e645d0_40, v00000277f8e645d0_41;
v00000277f8e645d0_42 .array/port v00000277f8e645d0, 42;
v00000277f8e645d0_43 .array/port v00000277f8e645d0, 43;
v00000277f8e645d0_44 .array/port v00000277f8e645d0, 44;
v00000277f8e645d0_45 .array/port v00000277f8e645d0, 45;
E_00000277f8e80670/11 .event anyedge, v00000277f8e645d0_42, v00000277f8e645d0_43, v00000277f8e645d0_44, v00000277f8e645d0_45;
v00000277f8e645d0_46 .array/port v00000277f8e645d0, 46;
v00000277f8e645d0_47 .array/port v00000277f8e645d0, 47;
v00000277f8e645d0_48 .array/port v00000277f8e645d0, 48;
v00000277f8e645d0_49 .array/port v00000277f8e645d0, 49;
E_00000277f8e80670/12 .event anyedge, v00000277f8e645d0_46, v00000277f8e645d0_47, v00000277f8e645d0_48, v00000277f8e645d0_49;
v00000277f8e645d0_50 .array/port v00000277f8e645d0, 50;
v00000277f8e645d0_51 .array/port v00000277f8e645d0, 51;
v00000277f8e645d0_52 .array/port v00000277f8e645d0, 52;
v00000277f8e645d0_53 .array/port v00000277f8e645d0, 53;
E_00000277f8e80670/13 .event anyedge, v00000277f8e645d0_50, v00000277f8e645d0_51, v00000277f8e645d0_52, v00000277f8e645d0_53;
v00000277f8e645d0_54 .array/port v00000277f8e645d0, 54;
v00000277f8e645d0_55 .array/port v00000277f8e645d0, 55;
v00000277f8e645d0_56 .array/port v00000277f8e645d0, 56;
v00000277f8e645d0_57 .array/port v00000277f8e645d0, 57;
E_00000277f8e80670/14 .event anyedge, v00000277f8e645d0_54, v00000277f8e645d0_55, v00000277f8e645d0_56, v00000277f8e645d0_57;
v00000277f8e645d0_58 .array/port v00000277f8e645d0, 58;
v00000277f8e645d0_59 .array/port v00000277f8e645d0, 59;
v00000277f8e645d0_60 .array/port v00000277f8e645d0, 60;
v00000277f8e645d0_61 .array/port v00000277f8e645d0, 61;
E_00000277f8e80670/15 .event anyedge, v00000277f8e645d0_58, v00000277f8e645d0_59, v00000277f8e645d0_60, v00000277f8e645d0_61;
v00000277f8e645d0_62 .array/port v00000277f8e645d0, 62;
v00000277f8e645d0_63 .array/port v00000277f8e645d0, 63;
v00000277f8e645d0_64 .array/port v00000277f8e645d0, 64;
v00000277f8e645d0_65 .array/port v00000277f8e645d0, 65;
E_00000277f8e80670/16 .event anyedge, v00000277f8e645d0_62, v00000277f8e645d0_63, v00000277f8e645d0_64, v00000277f8e645d0_65;
v00000277f8e645d0_66 .array/port v00000277f8e645d0, 66;
v00000277f8e645d0_67 .array/port v00000277f8e645d0, 67;
v00000277f8e645d0_68 .array/port v00000277f8e645d0, 68;
v00000277f8e645d0_69 .array/port v00000277f8e645d0, 69;
E_00000277f8e80670/17 .event anyedge, v00000277f8e645d0_66, v00000277f8e645d0_67, v00000277f8e645d0_68, v00000277f8e645d0_69;
v00000277f8e645d0_70 .array/port v00000277f8e645d0, 70;
v00000277f8e645d0_71 .array/port v00000277f8e645d0, 71;
v00000277f8e645d0_72 .array/port v00000277f8e645d0, 72;
v00000277f8e645d0_73 .array/port v00000277f8e645d0, 73;
E_00000277f8e80670/18 .event anyedge, v00000277f8e645d0_70, v00000277f8e645d0_71, v00000277f8e645d0_72, v00000277f8e645d0_73;
v00000277f8e645d0_74 .array/port v00000277f8e645d0, 74;
v00000277f8e645d0_75 .array/port v00000277f8e645d0, 75;
v00000277f8e645d0_76 .array/port v00000277f8e645d0, 76;
v00000277f8e645d0_77 .array/port v00000277f8e645d0, 77;
E_00000277f8e80670/19 .event anyedge, v00000277f8e645d0_74, v00000277f8e645d0_75, v00000277f8e645d0_76, v00000277f8e645d0_77;
v00000277f8e645d0_78 .array/port v00000277f8e645d0, 78;
v00000277f8e645d0_79 .array/port v00000277f8e645d0, 79;
v00000277f8e645d0_80 .array/port v00000277f8e645d0, 80;
v00000277f8e645d0_81 .array/port v00000277f8e645d0, 81;
E_00000277f8e80670/20 .event anyedge, v00000277f8e645d0_78, v00000277f8e645d0_79, v00000277f8e645d0_80, v00000277f8e645d0_81;
v00000277f8e645d0_82 .array/port v00000277f8e645d0, 82;
v00000277f8e645d0_83 .array/port v00000277f8e645d0, 83;
v00000277f8e645d0_84 .array/port v00000277f8e645d0, 84;
v00000277f8e645d0_85 .array/port v00000277f8e645d0, 85;
E_00000277f8e80670/21 .event anyedge, v00000277f8e645d0_82, v00000277f8e645d0_83, v00000277f8e645d0_84, v00000277f8e645d0_85;
v00000277f8e645d0_86 .array/port v00000277f8e645d0, 86;
v00000277f8e645d0_87 .array/port v00000277f8e645d0, 87;
v00000277f8e645d0_88 .array/port v00000277f8e645d0, 88;
v00000277f8e645d0_89 .array/port v00000277f8e645d0, 89;
E_00000277f8e80670/22 .event anyedge, v00000277f8e645d0_86, v00000277f8e645d0_87, v00000277f8e645d0_88, v00000277f8e645d0_89;
v00000277f8e645d0_90 .array/port v00000277f8e645d0, 90;
v00000277f8e645d0_91 .array/port v00000277f8e645d0, 91;
v00000277f8e645d0_92 .array/port v00000277f8e645d0, 92;
v00000277f8e645d0_93 .array/port v00000277f8e645d0, 93;
E_00000277f8e80670/23 .event anyedge, v00000277f8e645d0_90, v00000277f8e645d0_91, v00000277f8e645d0_92, v00000277f8e645d0_93;
v00000277f8e645d0_94 .array/port v00000277f8e645d0, 94;
v00000277f8e645d0_95 .array/port v00000277f8e645d0, 95;
v00000277f8e645d0_96 .array/port v00000277f8e645d0, 96;
v00000277f8e645d0_97 .array/port v00000277f8e645d0, 97;
E_00000277f8e80670/24 .event anyedge, v00000277f8e645d0_94, v00000277f8e645d0_95, v00000277f8e645d0_96, v00000277f8e645d0_97;
v00000277f8e645d0_98 .array/port v00000277f8e645d0, 98;
v00000277f8e645d0_99 .array/port v00000277f8e645d0, 99;
v00000277f8e645d0_100 .array/port v00000277f8e645d0, 100;
v00000277f8e645d0_101 .array/port v00000277f8e645d0, 101;
E_00000277f8e80670/25 .event anyedge, v00000277f8e645d0_98, v00000277f8e645d0_99, v00000277f8e645d0_100, v00000277f8e645d0_101;
v00000277f8e645d0_102 .array/port v00000277f8e645d0, 102;
v00000277f8e645d0_103 .array/port v00000277f8e645d0, 103;
v00000277f8e645d0_104 .array/port v00000277f8e645d0, 104;
v00000277f8e645d0_105 .array/port v00000277f8e645d0, 105;
E_00000277f8e80670/26 .event anyedge, v00000277f8e645d0_102, v00000277f8e645d0_103, v00000277f8e645d0_104, v00000277f8e645d0_105;
v00000277f8e645d0_106 .array/port v00000277f8e645d0, 106;
v00000277f8e645d0_107 .array/port v00000277f8e645d0, 107;
v00000277f8e645d0_108 .array/port v00000277f8e645d0, 108;
v00000277f8e645d0_109 .array/port v00000277f8e645d0, 109;
E_00000277f8e80670/27 .event anyedge, v00000277f8e645d0_106, v00000277f8e645d0_107, v00000277f8e645d0_108, v00000277f8e645d0_109;
v00000277f8e645d0_110 .array/port v00000277f8e645d0, 110;
v00000277f8e645d0_111 .array/port v00000277f8e645d0, 111;
v00000277f8e645d0_112 .array/port v00000277f8e645d0, 112;
v00000277f8e645d0_113 .array/port v00000277f8e645d0, 113;
E_00000277f8e80670/28 .event anyedge, v00000277f8e645d0_110, v00000277f8e645d0_111, v00000277f8e645d0_112, v00000277f8e645d0_113;
v00000277f8e645d0_114 .array/port v00000277f8e645d0, 114;
v00000277f8e645d0_115 .array/port v00000277f8e645d0, 115;
v00000277f8e645d0_116 .array/port v00000277f8e645d0, 116;
v00000277f8e645d0_117 .array/port v00000277f8e645d0, 117;
E_00000277f8e80670/29 .event anyedge, v00000277f8e645d0_114, v00000277f8e645d0_115, v00000277f8e645d0_116, v00000277f8e645d0_117;
v00000277f8e645d0_118 .array/port v00000277f8e645d0, 118;
v00000277f8e645d0_119 .array/port v00000277f8e645d0, 119;
v00000277f8e645d0_120 .array/port v00000277f8e645d0, 120;
v00000277f8e645d0_121 .array/port v00000277f8e645d0, 121;
E_00000277f8e80670/30 .event anyedge, v00000277f8e645d0_118, v00000277f8e645d0_119, v00000277f8e645d0_120, v00000277f8e645d0_121;
v00000277f8e645d0_122 .array/port v00000277f8e645d0, 122;
v00000277f8e645d0_123 .array/port v00000277f8e645d0, 123;
v00000277f8e645d0_124 .array/port v00000277f8e645d0, 124;
v00000277f8e645d0_125 .array/port v00000277f8e645d0, 125;
E_00000277f8e80670/31 .event anyedge, v00000277f8e645d0_122, v00000277f8e645d0_123, v00000277f8e645d0_124, v00000277f8e645d0_125;
v00000277f8e645d0_126 .array/port v00000277f8e645d0, 126;
v00000277f8e645d0_127 .array/port v00000277f8e645d0, 127;
v00000277f8e645d0_128 .array/port v00000277f8e645d0, 128;
v00000277f8e645d0_129 .array/port v00000277f8e645d0, 129;
E_00000277f8e80670/32 .event anyedge, v00000277f8e645d0_126, v00000277f8e645d0_127, v00000277f8e645d0_128, v00000277f8e645d0_129;
v00000277f8e645d0_130 .array/port v00000277f8e645d0, 130;
v00000277f8e645d0_131 .array/port v00000277f8e645d0, 131;
v00000277f8e645d0_132 .array/port v00000277f8e645d0, 132;
v00000277f8e645d0_133 .array/port v00000277f8e645d0, 133;
E_00000277f8e80670/33 .event anyedge, v00000277f8e645d0_130, v00000277f8e645d0_131, v00000277f8e645d0_132, v00000277f8e645d0_133;
v00000277f8e645d0_134 .array/port v00000277f8e645d0, 134;
v00000277f8e645d0_135 .array/port v00000277f8e645d0, 135;
v00000277f8e645d0_136 .array/port v00000277f8e645d0, 136;
v00000277f8e645d0_137 .array/port v00000277f8e645d0, 137;
E_00000277f8e80670/34 .event anyedge, v00000277f8e645d0_134, v00000277f8e645d0_135, v00000277f8e645d0_136, v00000277f8e645d0_137;
v00000277f8e645d0_138 .array/port v00000277f8e645d0, 138;
v00000277f8e645d0_139 .array/port v00000277f8e645d0, 139;
v00000277f8e645d0_140 .array/port v00000277f8e645d0, 140;
v00000277f8e645d0_141 .array/port v00000277f8e645d0, 141;
E_00000277f8e80670/35 .event anyedge, v00000277f8e645d0_138, v00000277f8e645d0_139, v00000277f8e645d0_140, v00000277f8e645d0_141;
v00000277f8e645d0_142 .array/port v00000277f8e645d0, 142;
v00000277f8e645d0_143 .array/port v00000277f8e645d0, 143;
v00000277f8e645d0_144 .array/port v00000277f8e645d0, 144;
v00000277f8e645d0_145 .array/port v00000277f8e645d0, 145;
E_00000277f8e80670/36 .event anyedge, v00000277f8e645d0_142, v00000277f8e645d0_143, v00000277f8e645d0_144, v00000277f8e645d0_145;
v00000277f8e645d0_146 .array/port v00000277f8e645d0, 146;
v00000277f8e645d0_147 .array/port v00000277f8e645d0, 147;
v00000277f8e645d0_148 .array/port v00000277f8e645d0, 148;
v00000277f8e645d0_149 .array/port v00000277f8e645d0, 149;
E_00000277f8e80670/37 .event anyedge, v00000277f8e645d0_146, v00000277f8e645d0_147, v00000277f8e645d0_148, v00000277f8e645d0_149;
v00000277f8e645d0_150 .array/port v00000277f8e645d0, 150;
v00000277f8e645d0_151 .array/port v00000277f8e645d0, 151;
v00000277f8e645d0_152 .array/port v00000277f8e645d0, 152;
v00000277f8e645d0_153 .array/port v00000277f8e645d0, 153;
E_00000277f8e80670/38 .event anyedge, v00000277f8e645d0_150, v00000277f8e645d0_151, v00000277f8e645d0_152, v00000277f8e645d0_153;
v00000277f8e645d0_154 .array/port v00000277f8e645d0, 154;
v00000277f8e645d0_155 .array/port v00000277f8e645d0, 155;
v00000277f8e645d0_156 .array/port v00000277f8e645d0, 156;
v00000277f8e645d0_157 .array/port v00000277f8e645d0, 157;
E_00000277f8e80670/39 .event anyedge, v00000277f8e645d0_154, v00000277f8e645d0_155, v00000277f8e645d0_156, v00000277f8e645d0_157;
v00000277f8e645d0_158 .array/port v00000277f8e645d0, 158;
v00000277f8e645d0_159 .array/port v00000277f8e645d0, 159;
v00000277f8e645d0_160 .array/port v00000277f8e645d0, 160;
v00000277f8e645d0_161 .array/port v00000277f8e645d0, 161;
E_00000277f8e80670/40 .event anyedge, v00000277f8e645d0_158, v00000277f8e645d0_159, v00000277f8e645d0_160, v00000277f8e645d0_161;
v00000277f8e645d0_162 .array/port v00000277f8e645d0, 162;
v00000277f8e645d0_163 .array/port v00000277f8e645d0, 163;
v00000277f8e645d0_164 .array/port v00000277f8e645d0, 164;
v00000277f8e645d0_165 .array/port v00000277f8e645d0, 165;
E_00000277f8e80670/41 .event anyedge, v00000277f8e645d0_162, v00000277f8e645d0_163, v00000277f8e645d0_164, v00000277f8e645d0_165;
v00000277f8e645d0_166 .array/port v00000277f8e645d0, 166;
v00000277f8e645d0_167 .array/port v00000277f8e645d0, 167;
v00000277f8e645d0_168 .array/port v00000277f8e645d0, 168;
v00000277f8e645d0_169 .array/port v00000277f8e645d0, 169;
E_00000277f8e80670/42 .event anyedge, v00000277f8e645d0_166, v00000277f8e645d0_167, v00000277f8e645d0_168, v00000277f8e645d0_169;
v00000277f8e645d0_170 .array/port v00000277f8e645d0, 170;
v00000277f8e645d0_171 .array/port v00000277f8e645d0, 171;
v00000277f8e645d0_172 .array/port v00000277f8e645d0, 172;
v00000277f8e645d0_173 .array/port v00000277f8e645d0, 173;
E_00000277f8e80670/43 .event anyedge, v00000277f8e645d0_170, v00000277f8e645d0_171, v00000277f8e645d0_172, v00000277f8e645d0_173;
v00000277f8e645d0_174 .array/port v00000277f8e645d0, 174;
v00000277f8e645d0_175 .array/port v00000277f8e645d0, 175;
v00000277f8e645d0_176 .array/port v00000277f8e645d0, 176;
v00000277f8e645d0_177 .array/port v00000277f8e645d0, 177;
E_00000277f8e80670/44 .event anyedge, v00000277f8e645d0_174, v00000277f8e645d0_175, v00000277f8e645d0_176, v00000277f8e645d0_177;
v00000277f8e645d0_178 .array/port v00000277f8e645d0, 178;
v00000277f8e645d0_179 .array/port v00000277f8e645d0, 179;
v00000277f8e645d0_180 .array/port v00000277f8e645d0, 180;
v00000277f8e645d0_181 .array/port v00000277f8e645d0, 181;
E_00000277f8e80670/45 .event anyedge, v00000277f8e645d0_178, v00000277f8e645d0_179, v00000277f8e645d0_180, v00000277f8e645d0_181;
v00000277f8e645d0_182 .array/port v00000277f8e645d0, 182;
v00000277f8e645d0_183 .array/port v00000277f8e645d0, 183;
v00000277f8e645d0_184 .array/port v00000277f8e645d0, 184;
v00000277f8e645d0_185 .array/port v00000277f8e645d0, 185;
E_00000277f8e80670/46 .event anyedge, v00000277f8e645d0_182, v00000277f8e645d0_183, v00000277f8e645d0_184, v00000277f8e645d0_185;
v00000277f8e645d0_186 .array/port v00000277f8e645d0, 186;
v00000277f8e645d0_187 .array/port v00000277f8e645d0, 187;
v00000277f8e645d0_188 .array/port v00000277f8e645d0, 188;
v00000277f8e645d0_189 .array/port v00000277f8e645d0, 189;
E_00000277f8e80670/47 .event anyedge, v00000277f8e645d0_186, v00000277f8e645d0_187, v00000277f8e645d0_188, v00000277f8e645d0_189;
v00000277f8e645d0_190 .array/port v00000277f8e645d0, 190;
v00000277f8e645d0_191 .array/port v00000277f8e645d0, 191;
v00000277f8e645d0_192 .array/port v00000277f8e645d0, 192;
v00000277f8e645d0_193 .array/port v00000277f8e645d0, 193;
E_00000277f8e80670/48 .event anyedge, v00000277f8e645d0_190, v00000277f8e645d0_191, v00000277f8e645d0_192, v00000277f8e645d0_193;
v00000277f8e645d0_194 .array/port v00000277f8e645d0, 194;
v00000277f8e645d0_195 .array/port v00000277f8e645d0, 195;
v00000277f8e645d0_196 .array/port v00000277f8e645d0, 196;
v00000277f8e645d0_197 .array/port v00000277f8e645d0, 197;
E_00000277f8e80670/49 .event anyedge, v00000277f8e645d0_194, v00000277f8e645d0_195, v00000277f8e645d0_196, v00000277f8e645d0_197;
v00000277f8e645d0_198 .array/port v00000277f8e645d0, 198;
v00000277f8e645d0_199 .array/port v00000277f8e645d0, 199;
v00000277f8e645d0_200 .array/port v00000277f8e645d0, 200;
v00000277f8e645d0_201 .array/port v00000277f8e645d0, 201;
E_00000277f8e80670/50 .event anyedge, v00000277f8e645d0_198, v00000277f8e645d0_199, v00000277f8e645d0_200, v00000277f8e645d0_201;
v00000277f8e645d0_202 .array/port v00000277f8e645d0, 202;
v00000277f8e645d0_203 .array/port v00000277f8e645d0, 203;
v00000277f8e645d0_204 .array/port v00000277f8e645d0, 204;
v00000277f8e645d0_205 .array/port v00000277f8e645d0, 205;
E_00000277f8e80670/51 .event anyedge, v00000277f8e645d0_202, v00000277f8e645d0_203, v00000277f8e645d0_204, v00000277f8e645d0_205;
v00000277f8e645d0_206 .array/port v00000277f8e645d0, 206;
v00000277f8e645d0_207 .array/port v00000277f8e645d0, 207;
v00000277f8e645d0_208 .array/port v00000277f8e645d0, 208;
v00000277f8e645d0_209 .array/port v00000277f8e645d0, 209;
E_00000277f8e80670/52 .event anyedge, v00000277f8e645d0_206, v00000277f8e645d0_207, v00000277f8e645d0_208, v00000277f8e645d0_209;
v00000277f8e645d0_210 .array/port v00000277f8e645d0, 210;
v00000277f8e645d0_211 .array/port v00000277f8e645d0, 211;
v00000277f8e645d0_212 .array/port v00000277f8e645d0, 212;
v00000277f8e645d0_213 .array/port v00000277f8e645d0, 213;
E_00000277f8e80670/53 .event anyedge, v00000277f8e645d0_210, v00000277f8e645d0_211, v00000277f8e645d0_212, v00000277f8e645d0_213;
v00000277f8e645d0_214 .array/port v00000277f8e645d0, 214;
v00000277f8e645d0_215 .array/port v00000277f8e645d0, 215;
v00000277f8e645d0_216 .array/port v00000277f8e645d0, 216;
v00000277f8e645d0_217 .array/port v00000277f8e645d0, 217;
E_00000277f8e80670/54 .event anyedge, v00000277f8e645d0_214, v00000277f8e645d0_215, v00000277f8e645d0_216, v00000277f8e645d0_217;
v00000277f8e645d0_218 .array/port v00000277f8e645d0, 218;
v00000277f8e645d0_219 .array/port v00000277f8e645d0, 219;
v00000277f8e645d0_220 .array/port v00000277f8e645d0, 220;
v00000277f8e645d0_221 .array/port v00000277f8e645d0, 221;
E_00000277f8e80670/55 .event anyedge, v00000277f8e645d0_218, v00000277f8e645d0_219, v00000277f8e645d0_220, v00000277f8e645d0_221;
v00000277f8e645d0_222 .array/port v00000277f8e645d0, 222;
v00000277f8e645d0_223 .array/port v00000277f8e645d0, 223;
v00000277f8e645d0_224 .array/port v00000277f8e645d0, 224;
v00000277f8e645d0_225 .array/port v00000277f8e645d0, 225;
E_00000277f8e80670/56 .event anyedge, v00000277f8e645d0_222, v00000277f8e645d0_223, v00000277f8e645d0_224, v00000277f8e645d0_225;
v00000277f8e645d0_226 .array/port v00000277f8e645d0, 226;
v00000277f8e645d0_227 .array/port v00000277f8e645d0, 227;
v00000277f8e645d0_228 .array/port v00000277f8e645d0, 228;
v00000277f8e645d0_229 .array/port v00000277f8e645d0, 229;
E_00000277f8e80670/57 .event anyedge, v00000277f8e645d0_226, v00000277f8e645d0_227, v00000277f8e645d0_228, v00000277f8e645d0_229;
v00000277f8e645d0_230 .array/port v00000277f8e645d0, 230;
v00000277f8e645d0_231 .array/port v00000277f8e645d0, 231;
v00000277f8e645d0_232 .array/port v00000277f8e645d0, 232;
v00000277f8e645d0_233 .array/port v00000277f8e645d0, 233;
E_00000277f8e80670/58 .event anyedge, v00000277f8e645d0_230, v00000277f8e645d0_231, v00000277f8e645d0_232, v00000277f8e645d0_233;
v00000277f8e645d0_234 .array/port v00000277f8e645d0, 234;
v00000277f8e645d0_235 .array/port v00000277f8e645d0, 235;
v00000277f8e645d0_236 .array/port v00000277f8e645d0, 236;
v00000277f8e645d0_237 .array/port v00000277f8e645d0, 237;
E_00000277f8e80670/59 .event anyedge, v00000277f8e645d0_234, v00000277f8e645d0_235, v00000277f8e645d0_236, v00000277f8e645d0_237;
v00000277f8e645d0_238 .array/port v00000277f8e645d0, 238;
v00000277f8e645d0_239 .array/port v00000277f8e645d0, 239;
v00000277f8e645d0_240 .array/port v00000277f8e645d0, 240;
v00000277f8e645d0_241 .array/port v00000277f8e645d0, 241;
E_00000277f8e80670/60 .event anyedge, v00000277f8e645d0_238, v00000277f8e645d0_239, v00000277f8e645d0_240, v00000277f8e645d0_241;
v00000277f8e645d0_242 .array/port v00000277f8e645d0, 242;
v00000277f8e645d0_243 .array/port v00000277f8e645d0, 243;
v00000277f8e645d0_244 .array/port v00000277f8e645d0, 244;
v00000277f8e645d0_245 .array/port v00000277f8e645d0, 245;
E_00000277f8e80670/61 .event anyedge, v00000277f8e645d0_242, v00000277f8e645d0_243, v00000277f8e645d0_244, v00000277f8e645d0_245;
v00000277f8e645d0_246 .array/port v00000277f8e645d0, 246;
v00000277f8e645d0_247 .array/port v00000277f8e645d0, 247;
v00000277f8e645d0_248 .array/port v00000277f8e645d0, 248;
v00000277f8e645d0_249 .array/port v00000277f8e645d0, 249;
E_00000277f8e80670/62 .event anyedge, v00000277f8e645d0_246, v00000277f8e645d0_247, v00000277f8e645d0_248, v00000277f8e645d0_249;
v00000277f8e645d0_250 .array/port v00000277f8e645d0, 250;
v00000277f8e645d0_251 .array/port v00000277f8e645d0, 251;
v00000277f8e645d0_252 .array/port v00000277f8e645d0, 252;
v00000277f8e645d0_253 .array/port v00000277f8e645d0, 253;
E_00000277f8e80670/63 .event anyedge, v00000277f8e645d0_250, v00000277f8e645d0_251, v00000277f8e645d0_252, v00000277f8e645d0_253;
v00000277f8e645d0_254 .array/port v00000277f8e645d0, 254;
v00000277f8e645d0_255 .array/port v00000277f8e645d0, 255;
E_00000277f8e80670/64 .event anyedge, v00000277f8e645d0_254, v00000277f8e645d0_255;
E_00000277f8e80670 .event/or E_00000277f8e80670/0, E_00000277f8e80670/1, E_00000277f8e80670/2, E_00000277f8e80670/3, E_00000277f8e80670/4, E_00000277f8e80670/5, E_00000277f8e80670/6, E_00000277f8e80670/7, E_00000277f8e80670/8, E_00000277f8e80670/9, E_00000277f8e80670/10, E_00000277f8e80670/11, E_00000277f8e80670/12, E_00000277f8e80670/13, E_00000277f8e80670/14, E_00000277f8e80670/15, E_00000277f8e80670/16, E_00000277f8e80670/17, E_00000277f8e80670/18, E_00000277f8e80670/19, E_00000277f8e80670/20, E_00000277f8e80670/21, E_00000277f8e80670/22, E_00000277f8e80670/23, E_00000277f8e80670/24, E_00000277f8e80670/25, E_00000277f8e80670/26, E_00000277f8e80670/27, E_00000277f8e80670/28, E_00000277f8e80670/29, E_00000277f8e80670/30, E_00000277f8e80670/31, E_00000277f8e80670/32, E_00000277f8e80670/33, E_00000277f8e80670/34, E_00000277f8e80670/35, E_00000277f8e80670/36, E_00000277f8e80670/37, E_00000277f8e80670/38, E_00000277f8e80670/39, E_00000277f8e80670/40, E_00000277f8e80670/41, E_00000277f8e80670/42, E_00000277f8e80670/43, E_00000277f8e80670/44, E_00000277f8e80670/45, E_00000277f8e80670/46, E_00000277f8e80670/47, E_00000277f8e80670/48, E_00000277f8e80670/49, E_00000277f8e80670/50, E_00000277f8e80670/51, E_00000277f8e80670/52, E_00000277f8e80670/53, E_00000277f8e80670/54, E_00000277f8e80670/55, E_00000277f8e80670/56, E_00000277f8e80670/57, E_00000277f8e80670/58, E_00000277f8e80670/59, E_00000277f8e80670/60, E_00000277f8e80670/61, E_00000277f8e80670/62, E_00000277f8e80670/63, E_00000277f8e80670/64;
E_00000277f8e808b0 .event posedge, v00000277f8e64210_0;
S_00000277f8e32ba0 .scope module, "testbench" "testbench" 3 2;
 .timescale 0 0;
v00000277f8ee2de0_0 .var "clk", 0 0;
v00000277f8ee2ac0_0 .var "reset", 0 0;
S_00000277f8e32d30 .scope module, "CPU" "top" 3 5, 4 1 0, S_00000277f8e32ba0;
 .timescale 0 0;
    .port_info 0 /INPUT 1 "clk";
    .port_info 1 /INPUT 1 "reset";
L_00000277f8f50088 .functor BUFT 1, C4<0000000000000000001>, C4<0>, C4<0>, C4<0>;
v00000277f8ee3ec0_0 .net/2u *"_ivl_8", 18 0, L_00000277f8f50088;  1 drivers
v00000277f8ee2660_0 .net "alu_op", 2 0, v00000277f8e64710_0;  1 drivers
v00000277f8ee2c00_0 .net "alu_result", 18 0, v00000277f8e64490_0;  1 drivers
v00000277f8ee3240_0 .net "clk", 0 0, v00000277f8ee2de0_0;  1 drivers
v00000277f8ee2700_0 .net "instr", 18 0, L_00000277f8e7b5e0;  1 drivers
v00000277f8ee2840_0 .net "opcode", 4 0, L_00000277f8ee2e80;  1 drivers
v00000277f8ee3060_0 .net "pc_out", 18 0, v00000277f8ee3740_0;  1 drivers
v00000277f8ee28e0_0 .net "rd", 2 0, L_00000277f8ee3420;  1 drivers
v00000277f8ee4000_0 .net "rd1", 18 0, L_00000277f8e7bff0;  1 drivers
v00000277f8ee32e0_0 .net "rd2", 18 0, L_00000277f8e7bea0;  1 drivers
v00000277f8ee40a0_0 .net "reg_write", 0 0, v00000277f8ee41e0_0;  1 drivers
v00000277f8ee2980_0 .net "reset", 0 0, v00000277f8ee2ac0_0;  1 drivers
v00000277f8ee2fc0_0 .net "rs1", 2 0, L_00000277f8ee2f20;  1 drivers
v00000277f8ee2ca0_0 .net "rs2", 2 0, L_00000277f8ee3100;  1 drivers
v00000277f8ee2a20_0 .net "zero", 0 0, L_00000277f8ef6e50;  1 drivers
L_00000277f8ee2e80 .part L_00000277f8e7b5e0, 14, 5;
L_00000277f8ee2f20 .part L_00000277f8e7b5e0, 11, 3;
L_00000277f8ee3100 .part L_00000277f8e7b5e0, 8, 3;
L_00000277f8ee3420 .part L_00000277f8e7b5e0, 5, 3;
L_00000277f8ee31a0 .arith/sum 19, v00000277f8ee3740_0, L_00000277f8f50088;
S_00000277f8e79750 .scope module, "ALU" "alu" 4 31, 5 2 0, S_00000277f8e32d30;
 .timescale 0 0;
    .port_info 0 /INPUT 19 "a";
    .port_info 1 /INPUT 19 "b";
    .port_info 2 /INPUT 3 "alu_op";
    .port_info 3 /OUTPUT 19 "result";
    .port_info 4 /OUTPUT 1 "zero";
L_00000277f8f501a8 .functor BUFT 1, C4<0000000000000000000>, C4<0>, C4<0>, C4<0>;
v00000277f8e648f0_0 .net/2u *"_ivl_0", 18 0, L_00000277f8f501a8;  1 drivers
v00000277f8e640d0_0 .net "a", 18 0, L_00000277f8e7bff0;  alias, 1 drivers
v00000277f8e64a30_0 .net "alu_op", 2 0, v00000277f8e64710_0;  alias, 1 drivers
v00000277f8e643f0_0 .net "b", 18 0, L_00000277f8e7bea0;  alias, 1 drivers
v00000277f8e64490_0 .var "result", 18 0;
v00000277f8e64530_0 .net "zero", 0 0, L_00000277f8ef6e50;  alias, 1 drivers
E_00000277f8e807f0 .event anyedge, v00000277f8e64a30_0, v00000277f8e640d0_0, v00000277f8e643f0_0;
L_00000277f8ef6e50 .cmp/eq 19, v00000277f8e64490_0, L_00000277f8f501a8;
S_00000277f8e798e0 .scope module, "CU" "control" 4 24, 6 2 0, S_00000277f8e32d30;
 .timescale 0 0;
    .port_info 0 /INPUT 5 "opcode";
    .port_info 1 /OUTPUT 1 "reg_write";
    .port_info 2 /OUTPUT 3 "alu_op";
v00000277f8e64710_0 .var "alu_op", 2 0;
v00000277f8ee43c0_0 .net "opcode", 4 0, L_00000277f8ee2e80;  alias, 1 drivers
v00000277f8ee41e0_0 .var "reg_write", 0 0;
E_00000277f8e80a30 .event anyedge, v00000277f8ee43c0_0;
S_00000277f8e79a70 .scope module, "IM" "instr_mem" 4 21, 7 1 0, S_00000277f8e32d30;
 .timescale 0 0;
    .port_info 0 /INPUT 19 "addr";
    .port_info 1 /OUTPUT 19 "instr";
L_00000277f8e7b5e0 .functor BUFZ 19, L_00000277f8ef5730, C4<0000000000000000000>, C4<0000000000000000000>, C4<0000000000000000000>;
v00000277f8ee4460_0 .net *"_ivl_0", 18 0, L_00000277f8ef5730;  1 drivers
v00000277f8ee3560_0 .net *"_ivl_3", 7 0, L_00000277f8ef6bd0;  1 drivers
v00000277f8ee3a60_0 .net *"_ivl_4", 9 0, L_00000277f8ef7490;  1 drivers
L_00000277f8f500d0 .functor BUFT 1, C4<00>, C4<0>, C4<0>, C4<0>;
v00000277f8ee3ce0_0 .net *"_ivl_7", 1 0, L_00000277f8f500d0;  1 drivers
v00000277f8ee4320_0 .net "addr", 18 0, v00000277f8ee3740_0;  alias, 1 drivers
v00000277f8ee34c0_0 .net "instr", 18 0, L_00000277f8e7b5e0;  alias, 1 drivers
v00000277f8ee3600 .array "mem", 255 0, 18 0;
L_00000277f8ef5730 .array/port v00000277f8ee3600, L_00000277f8ef7490;
L_00000277f8ef6bd0 .part v00000277f8ee3740_0, 0, 8;
L_00000277f8ef7490 .concat [ 8 2 0 0], L_00000277f8ef6bd0, L_00000277f8f500d0;
S_00000277f8e746a0 .scope module, "PC" "pc" 4 18, 8 2 0, S_00000277f8e32d30;
 .timescale 0 0;
    .port_info 0 /INPUT 1 "clk";
    .port_info 1 /INPUT 1 "reset";
    .port_info 2 /INPUT 19 "next_pc";
    .port_info 3 /OUTPUT 19 "pc_out";
v00000277f8ee36a0_0 .net "clk", 0 0, v00000277f8ee2de0_0;  alias, 1 drivers
v00000277f8ee3380_0 .net "next_pc", 18 0, L_00000277f8ee31a0;  1 drivers
v00000277f8ee3740_0 .var "pc_out", 18 0;
v00000277f8ee2b60_0 .net "reset", 0 0, v00000277f8ee2ac0_0;  alias, 1 drivers
E_00000277f8e806f0 .event posedge, v00000277f8ee2b60_0, v00000277f8ee36a0_0;
S_00000277f8e74830 .scope module, "RF" "regfile" 4 27, 9 2 0, S_00000277f8e32d30;
 .timescale 0 0;
    .port_info 0 /INPUT 1 "clk";
    .port_info 1 /INPUT 1 "we";
    .port_info 2 /INPUT 3 "ra1";
    .port_info 3 /INPUT 3 "ra2";
    .port_info 4 /INPUT 3 "wa";
    .port_info 5 /INPUT 19 "wd";
    .port_info 6 /OUTPUT 19 "rd1";
    .port_info 7 /OUTPUT 19 "rd2";
L_00000277f8e7bff0 .functor BUFZ 19, L_00000277f8ef55f0, C4<0000000000000000000>, C4<0000000000000000000>, C4<0000000000000000000>;
L_00000277f8e7bea0 .functor BUFZ 19, L_00000277f8ef5d70, C4<0000000000000000000>, C4<0000000000000000000>, C4<0000000000000000000>;
v00000277f8ee3c40_0 .net *"_ivl_0", 18 0, L_00000277f8ef55f0;  1 drivers
v00000277f8ee37e0_0 .net *"_ivl_10", 4 0, L_00000277f8ef5a50;  1 drivers
L_00000277f8f50160 .functor BUFT 1, C4<00>, C4<0>, C4<0>, C4<0>;
v00000277f8ee3880_0 .net *"_ivl_13", 1 0, L_00000277f8f50160;  1 drivers
v00000277f8ee4140_0 .net *"_ivl_2", 4 0, L_00000277f8ef6950;  1 drivers
L_00000277f8f50118 .functor BUFT 1, C4<00>, C4<0>, C4<0>, C4<0>;
v00000277f8ee2d40_0 .net *"_ivl_5", 1 0, L_00000277f8f50118;  1 drivers
v00000277f8ee3f60_0 .net *"_ivl_8", 18 0, L_00000277f8ef5d70;  1 drivers
v00000277f8ee3920_0 .net "clk", 0 0, v00000277f8ee2de0_0;  alias, 1 drivers
v00000277f8ee3b00_0 .net "ra1", 2 0, L_00000277f8ee2f20;  alias, 1 drivers
v00000277f8ee3ba0_0 .net "ra2", 2 0, L_00000277f8ee3100;  alias, 1 drivers
v00000277f8ee4280_0 .net "rd1", 18 0, L_00000277f8e7bff0;  alias, 1 drivers
v00000277f8ee39c0_0 .net "rd2", 18 0, L_00000277f8e7bea0;  alias, 1 drivers
v00000277f8ee3d80 .array "regs", 0 7, 18 0;
v00000277f8ee25c0_0 .net "wa", 2 0, L_00000277f8ee3420;  alias, 1 drivers
v00000277f8ee27a0_0 .net "wd", 18 0, v00000277f8e64490_0;  alias, 1 drivers
v00000277f8ee3e20_0 .net "we", 0 0, v00000277f8ee41e0_0;  alias, 1 drivers
E_00000277f8e80e70 .event posedge, v00000277f8ee36a0_0;
L_00000277f8ef55f0 .array/port v00000277f8ee3d80, L_00000277f8ef6950;
L_00000277f8ef6950 .concat [ 3 2 0 0], L_00000277f8ee2f20, L_00000277f8f50118;
L_00000277f8ef5d70 .array/port v00000277f8ee3d80, L_00000277f8ef5a50;
L_00000277f8ef5a50 .concat [ 3 2 0 0], L_00000277f8ee3100, L_00000277f8f50160;
    .scope S_00000277f8e32a10;
T_0 ;
    %wait E_00000277f8e808b0;
    %load/vec4 v00000277f8e64d50_0;
    %flag_set/vec4 8;
    %jmp/0xz  T_0.0, 8;
    %load/vec4 v00000277f8e64850_0;
    %ix/getv 3, v00000277f8e64350_0;
    %ix/load 4, 0, 0; Constant delay
    %assign/vec4/a/d v00000277f8e645d0, 0, 4;
T_0.0 ;
    %jmp T_0;
    .thread T_0;
    .scope S_00000277f8e32a10;
T_1 ;
    %wait E_00000277f8e80670;
    %load/vec4 v00000277f8e642b0_0;
    %flag_set/vec4 8;
    %jmp/0xz  T_1.0, 8;
    %ix/getv 4, v00000277f8e64350_0;
    %load/vec4a v00000277f8e645d0, 4;
    %store/vec4 v00000277f8e64c10_0, 0, 19;
    %jmp T_1.1;
T_1.0 ;
    %pushi/vec4 0, 0, 19;
    %store/vec4 v00000277f8e64c10_0, 0, 19;
T_1.1 ;
    %jmp T_1;
    .thread T_1, $push;
    .scope S_00000277f8e746a0;
T_2 ;
    %wait E_00000277f8e806f0;
    %load/vec4 v00000277f8ee2b60_0;
    %flag_set/vec4 8;
    %jmp/0xz  T_2.0, 8;
    %pushi/vec4 0, 0, 19;
    %assign/vec4 v00000277f8ee3740_0, 0;
    %jmp T_2.1;
T_2.0 ;
    %load/vec4 v00000277f8ee3380_0;
    %assign/vec4 v00000277f8ee3740_0, 0;
T_2.1 ;
    %jmp T_2;
    .thread T_2;
    .scope S_00000277f8e79a70;
T_3 ;
    %pushi/vec4 4096, 0, 19;
    %ix/load 4, 0, 0;
    %flag_set/imm 4, 0;
    %store/vec4a v00000277f8ee3600, 4, 0;
    %pushi/vec4 41477, 0, 19;
    %ix/load 4, 1, 0;
    %flag_set/imm 4, 0;
    %store/vec4a v00000277f8ee3600, 4, 0;
    %pushi/vec4 66660, 0, 19;
    %ix/load 4, 2, 0;
    %flag_set/imm 4, 0;
    %store/vec4a v00000277f8ee3600, 4, 0;
    %pushi/vec4 104548, 0, 19;
    %ix/load 4, 3, 0;
    %flag_set/imm 4, 0;
    %store/vec4a v00000277f8ee3600, 4, 0;
    %pushi/vec4 149056, 0, 19;
    %ix/load 4, 4, 0;
    %flag_set/imm 4, 0;
    %store/vec4a v00000277f8ee3600, 4, 0;
    %pushi/vec4 491520, 0, 19;
    %ix/load 4, 5, 0;
    %flag_set/imm 4, 0;
    %store/vec4a v00000277f8ee3600, 4, 0;
    %end;
    .thread T_3;
    .scope S_00000277f8e798e0;
T_4 ;
    %wait E_00000277f8e80a30;
    %load/vec4 v00000277f8ee43c0_0;
    %dup/vec4;
    %pushi/vec4 0, 0, 5;
    %cmp/u;
    %jmp/1 T_4.0, 6;
    %dup/vec4;
    %pushi/vec4 1, 0, 5;
    %cmp/u;
    %jmp/1 T_4.1, 6;
    %dup/vec4;
    %pushi/vec4 2, 0, 5;
    %cmp/u;
    %jmp/1 T_4.2, 6;
    %dup/vec4;
    %pushi/vec4 3, 0, 5;
    %cmp/u;
    %jmp/1 T_4.3, 6;
    %pushi/vec4 0, 0, 1;
    %store/vec4 v00000277f8ee41e0_0, 0, 1;
    %pushi/vec4 0, 0, 3;
    %store/vec4 v00000277f8e64710_0, 0, 3;
    %jmp T_4.5;
T_4.0 ;
    %pushi/vec4 1, 0, 1;
    %store/vec4 v00000277f8ee41e0_0, 0, 1;
    %pushi/vec4 0, 0, 3;
    %store/vec4 v00000277f8e64710_0, 0, 3;
    %jmp T_4.5;
T_4.1 ;
    %pushi/vec4 1, 0, 1;
    %store/vec4 v00000277f8ee41e0_0, 0, 1;
    %pushi/vec4 1, 0, 3;
    %store/vec4 v00000277f8e64710_0, 0, 3;
    %jmp T_4.5;
T_4.2 ;
    %pushi/vec4 1, 0, 1;
    %store/vec4 v00000277f8ee41e0_0, 0, 1;
    %pushi/vec4 2, 0, 3;
    %store/vec4 v00000277f8e64710_0, 0, 3;
    %jmp T_4.5;
T_4.3 ;
    %pushi/vec4 1, 0, 1;
    %store/vec4 v00000277f8ee41e0_0, 0, 1;
    %pushi/vec4 3, 0, 3;
    %store/vec4 v00000277f8e64710_0, 0, 3;
    %jmp T_4.5;
T_4.5 ;
    %pop/vec4 1;
    %jmp T_4;
    .thread T_4, $push;
    .scope S_00000277f8e74830;
T_5 ;
    %wait E_00000277f8e80e70;
    %load/vec4 v00000277f8ee3e20_0;
    %flag_set/vec4 8;
    %jmp/0xz  T_5.0, 8;
    %load/vec4 v00000277f8ee27a0_0;
    %load/vec4 v00000277f8ee25c0_0;
    %pad/u 5;
    %ix/vec4 3;
    %ix/load 4, 0, 0; Constant delay
    %assign/vec4/a/d v00000277f8ee3d80, 0, 4;
T_5.0 ;
    %jmp T_5;
    .thread T_5;
    .scope S_00000277f8e79750;
T_6 ;
    %wait E_00000277f8e807f0;
    %load/vec4 v00000277f8e64a30_0;
    %dup/vec4;
    %pushi/vec4 0, 0, 3;
    %cmp/u;
    %jmp/1 T_6.0, 6;
    %dup/vec4;
    %pushi/vec4 1, 0, 3;
    %cmp/u;
    %jmp/1 T_6.1, 6;
    %dup/vec4;
    %pushi/vec4 2, 0, 3;
    %cmp/u;
    %jmp/1 T_6.2, 6;
    %dup/vec4;
    %pushi/vec4 3, 0, 3;
    %cmp/u;
    %jmp/1 T_6.3, 6;
    %dup/vec4;
    %pushi/vec4 4, 0, 3;
    %cmp/u;
    %jmp/1 T_6.4, 6;
    %dup/vec4;
    %pushi/vec4 5, 0, 3;
    %cmp/u;
    %jmp/1 T_6.5, 6;
    %pushi/vec4 0, 0, 19;
    %store/vec4 v00000277f8e64490_0, 0, 19;
    %jmp T_6.7;
T_6.0 ;
    %load/vec4 v00000277f8e640d0_0;
    %load/vec4 v00000277f8e643f0_0;
    %add;
    %store/vec4 v00000277f8e64490_0, 0, 19;
    %jmp T_6.7;
T_6.1 ;
    %load/vec4 v00000277f8e640d0_0;
    %load/vec4 v00000277f8e643f0_0;
    %sub;
    %store/vec4 v00000277f8e64490_0, 0, 19;
    %jmp T_6.7;
T_6.2 ;
    %load/vec4 v00000277f8e640d0_0;
    %load/vec4 v00000277f8e643f0_0;
    %and;
    %store/vec4 v00000277f8e64490_0, 0, 19;
    %jmp T_6.7;
T_6.3 ;
    %load/vec4 v00000277f8e640d0_0;
    %load/vec4 v00000277f8e643f0_0;
    %or;
    %store/vec4 v00000277f8e64490_0, 0, 19;
    %jmp T_6.7;
T_6.4 ;
    %load/vec4 v00000277f8e640d0_0;
    %inv;
    %store/vec4 v00000277f8e64490_0, 0, 19;
    %jmp T_6.7;
T_6.5 ;
    %load/vec4 v00000277f8e640d0_0;
    %load/vec4 v00000277f8e643f0_0;
    %xor;
    %store/vec4 v00000277f8e64490_0, 0, 19;
    %jmp T_6.7;
T_6.7 ;
    %pop/vec4 1;
    %jmp T_6;
    .thread T_6, $push;
    .scope S_00000277f8e32ba0;
T_7 ;
    %vpi_call 3 8 "$dumpfile", "cpu.vcd" {0 0 0};
    %vpi_call 3 9 "$dumpvars", 32'sb00000000000000000000000000000000, S_00000277f8e32ba0 {0 0 0};
    %pushi/vec4 0, 0, 1;
    %store/vec4 v00000277f8ee2de0_0, 0, 1;
    %pushi/vec4 1, 0, 1;
    %store/vec4 v00000277f8ee2ac0_0, 0, 1;
    %delay 5, 0;
    %pushi/vec4 0, 0, 1;
    %store/vec4 v00000277f8ee2ac0_0, 0, 1;
    %delay 100, 0;
    %vpi_call 3 14 "$finish" {0 0 0};
    %end;
    .thread T_7;
    .scope S_00000277f8e32ba0;
T_8 ;
    %delay 5, 0;
    %load/vec4 v00000277f8ee2de0_0;
    %inv;
    %store/vec4 v00000277f8ee2de0_0, 0, 1;
    %jmp T_8;
    .thread T_8;
# The file index is used to find the file name in the following table.
:file_names 10;
    "N/A";
    "<interactive>";
    "data_mem.v";
    "testbench.v";
    "top.v";
    "alu.v";
    "control.v";
    "instr_mem.v";
    "pc.v";
    "regfile.v";
